\BOOKMARK [0][-]{chapter*.2}{\376\377\000R\000e\000s\000u\000m}{}% 1
\BOOKMARK [0][-]{chapter*.3}{\376\377\000R\000e\000s\000u\000m\000e\000n}{}% 2
\BOOKMARK [0][-]{chapter*.4}{\376\377\000A\000b\000s\000t\000r\000a\000c\000t}{}% 3
\BOOKMARK [0][-]{chapter*.5}{\376\377\000A\000g\000r\000a\000\357\000m\000e\000n\000t\000s}{}% 4
\BOOKMARK [0][-]{chapter*.9}{\376\377\000G\000l\000o\000s\000s\000a\000r\000i}{}% 5
\BOOKMARK [0][-]{chapter.1}{\376\377\000I\000n\000t\000r\000o\000d\000u\000c\000c\000i\000\363}{}% 6
\BOOKMARK [1][-]{section.1.1}{\376\377\000P\000r\000e\000s\000e\000n\000t\000a\000c\000i\000\363\000\040\000d\000e\000l\000\040\000t\000r\000e\000b\000a\000l\000l}{chapter.1}% 7
\BOOKMARK [1][-]{section.1.2}{\376\377\000O\000b\000j\000e\000c\000t\000i\000u\000s}{chapter.1}% 8
\BOOKMARK [1][-]{section.1.3}{\376\377\000A\000m\000p\000l\000i\000f\000i\000c\000a\000d\000o\000r\000s\000\040\000d\000'\000\340\000u\000d\000i\000o\000\040\000d\000e\000\040\000C\000l\000a\000s\000s\000e\000\040\000D}{chapter.1}% 9
\BOOKMARK [1][-]{section.1.4}{\376\377\000F\000P\000G\000A}{chapter.1}% 10
\BOOKMARK [0][-]{chapter.2}{\376\377\000B\000a\000s\000e\000\040\000T\000e\000\362\000r\000i\000c\000a}{}% 11
\BOOKMARK [1][-]{section.2.1}{\376\377\000P\000r\000o\000t\000o\000c\000o\000l\000\040\000I\000n\000t\000e\000r\000-\000I\000n\000t\000e\000g\000r\000a\000t\000e\000d\000\040\000C\000i\000r\000c\000u\000i\000t\000\040\000S\000o\000u\000n\000d}{chapter.2}% 12
\BOOKMARK [1][-]{section.2.2}{\376\377\000T\000r\000a\000n\000s\000f\000o\000r\000m\000a\000d\000a\000\040\000d\000e\000\040\000F\000o\000u\000r\000i\000e\000r}{chapter.2}% 13
\BOOKMARK [1][-]{section.2.3}{\376\377\000T\000e\000o\000r\000e\000m\000a\000\040\000d\000e\000\040\000N\000y\000q\000u\000i\000s\000t}{chapter.2}% 14
\BOOKMARK [1][-]{section.2.4}{\376\377\000T\000r\000a\000n\000s\000f\000o\000r\000m\000a\000d\000a\000\040\000e\000n\000\040\000z}{chapter.2}% 15
\BOOKMARK [1][-]{section.2.5}{\376\377\000P\000r\000o\000c\000e\000s\000s\000a\000m\000e\000n\000t\000\040\000D\000i\000g\000i\000t\000a\000l\000\040\000d\000e\000\040\000S\000e\000n\000y\000a\000l\000s}{chapter.2}% 16
\BOOKMARK [2][-]{subsection.2.5.1}{\376\377\000S\000e\000n\000y\000a\000l\000s\000\040\000e\000n\000\040\000t\000e\000m\000p\000s\000\040\000d\000i\000s\000c\000r\000e\000t}{section.2.5}% 17
\BOOKMARK [2][-]{subsection.2.5.2}{\376\377\000S\000i\000s\000t\000e\000m\000e\000s\000\040\000e\000n\000\040\000t\000e\000m\000p\000s\000\040\000d\000i\000s\000c\000r\000e\000t}{section.2.5}% 18
\BOOKMARK [1][-]{section.2.6}{\376\377\000F\000i\000l\000t\000r\000e\000s\000\040\000D\000i\000g\000i\000t\000a\000l\000s}{chapter.2}% 19
\BOOKMARK [2][-]{subsection.2.6.1}{\376\377\000F\000i\000l\000t\000r\000e\000s\000\040\000F\000I\000R}{section.2.6}% 20
\BOOKMARK [2][-]{subsection.2.6.2}{\376\377\000F\000i\000l\000t\000r\000e\000s\000\040\000I\000I\000R}{section.2.6}% 21
\BOOKMARK [1][-]{section.2.7}{\376\377\000M\000o\000d\000u\000l\000a\000d\000o\000r\000\040}{chapter.2}% 22
\BOOKMARK [1][-]{section.2.8}{\376\377\000P\000W\000M}{chapter.2}% 23
\BOOKMARK [1][-]{section.2.9}{\376\377\000M\000\350\000t\000r\000i\000q\000u\000e\000s\000\040\000d\000e\000\040\000r\000e\000n\000d\000i\000m\000e\000n\000t}{chapter.2}% 24
\BOOKMARK [2][-]{subsection.2.9.1}{\376\377\000S\000N\000R}{section.2.9}% 25
\BOOKMARK [2][-]{subsection.2.9.2}{\376\377\000D\000R}{section.2.9}% 26
\BOOKMARK [2][-]{subsection.2.9.3}{\376\377\000T\000H\000D}{section.2.9}% 27
\BOOKMARK [2][-]{subsection.2.9.4}{\376\377\000S\000o\000r\000o\000l\000l\000\040\000d\000e\000\040\000Q\000u\000a\000n\000t\000i\000f\000i\000c\000a\000c\000i\000\363}{section.2.9}% 28
\BOOKMARK [0][-]{chapter.3}{\376\377\000P\000r\000o\000p\000o\000s\000t\000a\000\040\000d\000e\000\040\000r\000e\000s\000o\000l\000u\000c\000i\000\363}{}% 29
\BOOKMARK [1][-]{section.3.1}{\376\377\000D\000i\000a\000g\000r\000a\000m\000a\000\040\000d\000e\000\040\000b\000l\000o\000c\000s\000\040\000d\000e\000l\000\040\000s\000i\000s\000t\000e\000m\000a}{chapter.3}% 30
\BOOKMARK [1][-]{section.3.2}{\376\377\000F\000o\000n\000t\000\040\000d\000'\000\340\000u\000d\000i\000o\000\040\000e\000n\000\040\000p\000r\000o\000t\000o\000c\000o\000l\000\040\000I\0002\000S}{chapter.3}% 31
\BOOKMARK [1][-]{section.3.3}{\376\377\000R\000e\000c\000e\000p\000t\000o\000r\000\040\000d\000'\000\340\000u\000d\000i\000o\000\040\000e\000n\000\040\000p\000r\000o\000t\000o\000c\000o\000l\000\040\000I\0002\000S}{chapter.3}% 32
\BOOKMARK [1][-]{section.3.4}{\376\377\000E\000t\000a\000p\000a\000\040\000d\000e\000\040\000f\000i\000l\000t\000r\000a\000t\000\040\000a\000n\000t\000i\000-\000a\000l\000i\000a\000s\000i\000n\000g}{chapter.3}% 33
\BOOKMARK [1][-]{section.3.5}{\376\377\000M\000o\000d\000u\000l\000a\000d\000o\000r\000\040}{chapter.3}% 34
\BOOKMARK [0][-]{chapter.4}{\376\377\000E\000n\000t\000r\000a\000d\000a\000\040\000d\000'\000\300\000u\000d\000i\000o\000\040\000D\000i\000g\000i\000t\000a\000l}{}% 35
\BOOKMARK [1][-]{section.4.1}{\376\377\000F\000o\000n\000t\000\040\000d\000'\000\340\000u\000d\000i\000o\000\040\000d\000i\000g\000i\000t\000a\000l}{chapter.4}% 36
\BOOKMARK [2][-]{subsection.4.1.1}{\376\377\000L\000l\000i\000b\000r\000e\000r\000i\000a\000\040\000S\000D\000.\000h}{section.4.1}% 37
\BOOKMARK [2][-]{subsection.4.1.2}{\376\377\000L\000l\000i\000b\000r\000e\000r\000i\000a\000\040\000I\0002\000S\000.\000h}{section.4.1}% 38
\BOOKMARK [2][-]{subsection.4.1.3}{\376\377\000M\000u\000n\000t\000a\000t\000g\000e\000\040\000d\000e\000\040\000l\000a\000\040\000f\000o\000n\000t\000\040\000d\000'\000\340\000u\000d\000i\000o}{section.4.1}% 39
\BOOKMARK [1][-]{section.4.2}{\376\377\000I\000m\000p\000l\000e\000m\000e\000n\000t\000a\000c\000i\000\363\000\040\000d\000e\000l\000\040\000R\000e\000c\000e\000p\000t\000o\000r\000\040\000I\0002\000S}{chapter.4}% 40
\BOOKMARK [2][-]{subsection.4.2.1}{\376\377\000E\000s\000t\000r\000u\000c\000t\000u\000r\000a\000\040\000d\000e\000\040\000l\000a\000\040\000e\000n\000t\000i\000t\000a\000t\000\040\000R\000e\000c\000e\000p\000t\000o\000r\000a\000\040\000I\0002\000S}{section.4.2}% 41
\BOOKMARK [2][-]{subsection.4.2.2}{\376\377\000B\000a\000n\000c\000\040\000d\000e\000\040\000p\000r\000o\000v\000e\000s\000\040\000d\000e\000l\000\040\000r\000e\000c\000e\000p\000t\000o\000r\000\040\000I\0002\000S}{section.4.2}% 42
\BOOKMARK [1][-]{section.4.3}{\376\377\000I\000m\000p\000l\000e\000m\000e\000n\000t\000a\000c\000i\000\363\000\040\000a\000\040\000l\000a\000\040\000F\000P\000G\000A}{chapter.4}% 43
\BOOKMARK [0][-]{chapter.5}{\376\377\000F\000i\000l\000t\000r\000e\000\040\000d\000'\000I\000n\000t\000e\000r\000p\000o\000l\000a\000c\000i\000\363\000\040\000i\000\040\000S\000o\000b\000r\000e\000m\000o\000s\000t\000r\000e\000i\000g}{}% 44
\BOOKMARK [1][-]{section.5.1}{\376\377\000D\000i\000s\000s\000e\000n\000y\000\040\000d\000e\000l\000\040\000F\000i\000l\000t\000r\000e\000\040\000d\000e\000\040\000l\000'\000E\000t\000a\000p\000a\000\040\000d\000'\000I\000n\000t\000e\000r\000p\000o\000l\000a\000c\000i\000\363}{chapter.5}% 45
\BOOKMARK [1][-]{section.5.2}{\376\377\000M\000\362\000d\000u\000l\000\040\000I\000P\000\040\000F\000I\000R\000\040\000C\000o\000m\000p\000i\000l\000e\000r}{chapter.5}% 46
\BOOKMARK [1][-]{section.5.3}{\376\377\000M\000\362\000d\000u\000l\000\040\000I\000P\000\040\000C\000I\000C\000\040\000C\000o\000m\000p\000i\000l\000e\000r}{chapter.5}% 47
\BOOKMARK [1][-]{section.5.4}{\376\377\000I\000m\000p\000l\000e\000m\000e\000n\000t\000a\000c\000i\000\363\000\040\000a\000\040\000l\000a\000\040\000F\000P\000G\000A}{chapter.5}% 48
\BOOKMARK [0][-]{chapter.6}{\376\377\000M\000o\000d\000u\000l\000a\000c\000i\000\363\000\040}{}% 49
\BOOKMARK [1][-]{section.6.1}{\376\377\000D\000i\000s\000s\000e\000n\000y\000\040\000i\000\040\000e\000v\000a\000l\000u\000a\000c\000i\000\363\000\040\000d\000e\000\040\000l\000a\000\040\000t\000o\000p\000o\000l\000o\000g\000i\000a\000\040\000d\000e\000l\000\040\000m\000o\000d\000u\000l\000a\000d\000o\000r\000\040}{chapter.6}% 50
\BOOKMARK [1][-]{section.6.2}{\376\377\000I\000m\000p\000l\000e\000m\000e\000n\000t\000a\000c\000i\000\363\000\040\000e\000n\000\040\000c\000o\000d\000i\000\040\000V\000H\000D\000L}{chapter.6}% 51
\BOOKMARK [1][-]{section.6.3}{\376\377\000I\000m\000p\000l\000e\000m\000e\000n\000t\000a\000c\000i\000\363\000\040\000a\000\040\000l\000a\000\040\000F\000P\000G\000A}{chapter.6}% 52
\BOOKMARK [0][-]{chapter.7}{\376\377\000A\000n\000\340\000l\000i\000s\000i\000\040\000d\000e\000\040\000l\000a\000\040\000s\000o\000s\000t\000e\000n\000i\000b\000i\000l\000i\000t\000a\000t\000\040\000i\000\040\000i\000m\000p\000l\000i\000c\000a\000c\000i\000o\000n\000s\000\040\000\350\000t\000i\000q\000u\000e\000s\000\040\000d\000e\000l\000\040\000T\000r\000e\000b\000a\000l\000l}{}% 53
\BOOKMARK [1][-]{section.7.1}{\376\377\000I\000m\000p\000a\000c\000t\000e\000\040\000a\000m\000b\000i\000e\000n\000t\000a\000l}{chapter.7}% 54
\BOOKMARK [0][-]{chapter.8}{\376\377\000P\000r\000e\000s\000s\000u\000p\000o\000s\000t\000\040\000d\000e\000l\000\040\000t\000r\000e\000b\000a\000l\000l}{}% 55
\BOOKMARK [1][-]{section.8.1}{\376\377\000C\000o\000s\000t\000\040\000r\000e\000t\000r\000i\000b\000u\000t\000i\000u}{chapter.8}% 56
\BOOKMARK [1][-]{section.8.2}{\376\377\000C\000o\000s\000t\000o\000s\000\040\000d\000e\000l\000s\000\040\000m\000a\000t\000e\000r\000i\000a\000l\000s}{chapter.8}% 57
\BOOKMARK [1][-]{section.8.3}{\376\377\000C\000o\000s\000t\000o\000s\000\040\000d\000e\000\040\000l\000e\000s\000\040\000e\000i\000n\000e\000s}{chapter.8}% 58
\BOOKMARK [1][-]{section.8.4}{\376\377\000P\000r\000e\000s\000s\000u\000p\000o\000s\000t\000\040\000f\000i\000n\000a\000l}{chapter.8}% 59
\BOOKMARK [0][-]{chapter.9}{\376\377\000A\000n\000\340\000l\000i\000s\000i\000\040\000f\000i\000n\000a\000l\000\040\000d\000e\000l\000\040\000t\000r\000e\000b\000a\000l\000l}{}% 60
\BOOKMARK [1][-]{section.9.1}{\376\377\000I\000m\000p\000l\000e\000m\000e\000n\000t\000a\000c\000i\000\363\000\040\000d\000e\000l\000\040\000t\000r\000e\000b\000a\000l\000l\000\040\000a\000\040\000l\000a\000\040\000F\000P\000G\000A}{chapter.9}% 61
\BOOKMARK [1][-]{section.9.2}{\376\377\000R\000e\000s\000u\000l\000t\000a\000t\000s\000\040\000e\000x\000p\000e\000r\000i\000m\000e\000n\000t\000a\000l\000s}{chapter.9}% 62
\BOOKMARK [1][-]{section.9.3}{\376\377\000V\000a\000l\000o\000r\000a\000c\000i\000\363\000\040\000f\000i\000n\000a\000l\000\040\000d\000e\000l\000s\000\040\000o\000b\000j\000e\000c\000t\000i\000u\000s}{chapter.9}% 63
\BOOKMARK [0][-]{subsubsection*.100}{\376\377\000B\000i\000b\000l\000i\000o\000g\000r\000a\000f\000i\000a}{}% 64
\BOOKMARK [0][-]{appendix.A}{\376\377\000A\000n\000n\000e\000x\000o\000s}{}% 65
\BOOKMARK [1][-]{section.A.1}{\376\377\000C\000o\000d\000i\000\040\000E\000S\000P\0003\0002\000\040\000p\000e\000r\000\040\000t\000r\000a\000n\000s\000m\000e\000t\000r\000e\000\040\000t\000r\000a\000m\000e\000s\000\040\000d\000'\000\340\000u\000d\000i\000o\000\040\000e\000n\000\040\000p\000r\000o\000t\000o\000c\000o\000l\000\040\000I\0002\000S}{appendix.A}% 66
\BOOKMARK [1][-]{section.A.2}{\376\377\000S\000c\000r\000i\000p\000t\000\040\000d\000e\000l\000\040\000d\000i\000s\000s\000e\000n\000y\000\040\000d\000e\000\040\000l\000'\000e\000t\000a\000p\000a\000\040\000d\000e\000\040\000f\000i\000l\000t\000r\000a\000t\000\040\000i\000\040\000s\000o\000b\000r\000e\000m\000o\000s\000t\000r\000e\000i\000g}{appendix.A}% 67
\BOOKMARK [1][-]{section.A.3}{\376\377\000S\000c\000r\000i\000p\000t\000\040\000d\000e\000l\000\040\000d\000i\000s\000s\000e\000n\000y\000\040\000d\000e\000l\000\040\000m\000o\000d\000u\000l\000a\000d\000o\000r\000\040}{appendix.A}% 68
\BOOKMARK [1][-]{section.A.4}{\376\377\000C\000o\000d\000i\000\040\000V\000H\000D\000L\000\040\000d\000e\000l\000\040\000M\000o\000d\000u\000l\000a\000d\000o\000r\000\040}{appendix.A}% 69
\BOOKMARK [1][-]{section.A.5}{\376\377\000D\000i\000a\000g\000r\000a\000m\000a\000\040\000d\000e\000\040\000b\000l\000o\000c\000s\000\040\000d\000e\000l\000\040\000P\000r\000o\000j\000e\000c\000t\000e\000\040\000F\000i\000n\000a\000l\000\040\000d\000e\000\040\000V\000i\000v\000a\000d\000o}{appendix.A}% 70
